# JRE version: OpenJDK Runtime Environment (11.0.10) (build 11.0.10+0-b96-7249189)
# Java VM: OpenJDK 64-Bit Server VM (11.0.10+0-b96-7249189, mixed mode, tiered, compressed oops, g1 gc, linux-amd64)
Heap:
 garbage-first heap   total 702464K, used 238456K [0x0000000080000000, 0x0000000100000000)
  region size 1024K, 5 young (5120K), 5 survivors (5120K)
 Metaspace       used 106663K, capacity 109463K, committed 109772K, reserved 1144832K
  class space    used 13908K, capacity 14978K, committed 15104K, reserved 1048576K
GC Heap History (20 events):
Event: 52.277 GC heap after
{Heap after GC invocations=26 (full 0):
 garbage-first heap   total 268288K, used 205196K [0x0000000080000000, 0x0000000100000000)
  region size 1024K, 3 young (3072K), 3 survivors (3072K)
 Metaspace       used 98984K, capacity 101271K, committed 101580K, reserved 1136640K
  class space    used 12922K, capacity 13786K, committed 13824K, reserved 1048576K
}
Event: 52.648 GC heap before
{Heap before GC invocations=26 (full 0):
 garbage-first heap   total 268288K, used 224652K [0x0000000080000000, 0x0000000100000000)
  region size 1024K, 23 young (23552K), 3 survivors (3072K)
 Metaspace       used 100096K, capacity 102549K, committed 102860K, reserved 1138688K
  class space    used 13071K, capacity 13995K, committed 14080K, reserved 1048576K
}
Event: 52.673 GC heap after
{Heap after GC invocations=27 (full 0):
 garbage-first heap   total 268288K, used 207702K [0x0000000080000000, 0x0000000100000000)
  region size 1024K, 3 young (3072K), 3 survivors (3072K)
 Metaspace       used 100096K, capacity 102549K, committed 102860K, reserved 1138688K
  class space    used 13071K, capacity 13995K, committed 14080K, reserved 1048576K
}
Event: 52.973 GC heap before
{Heap before GC invocations=27 (full 0):
 garbage-first heap   total 268288K, used 226134K [0x0000000080000000, 0x0000000100000000)
  region size 1024K, 22 young (22528K), 3 survivors (3072K)
 Metaspace       used 100635K, capacity 103193K, committed 103500K, reserved 1138688K
  class space    used 13144K, capacity 14101K, committed 14208K, reserved 1048576K
}
Event: 52.998 GC heap after
{Heap after GC invocations=28 (full 0):
 garbage-first heap   total 268288K, used 210499K [0x0000000080000000, 0x0000000100000000)
  region size 1024K, 3 young (3072K), 3 survivors (3072K)
 Metaspace       used 100635K, capacity 103193K, committed 103500K, reserved 1138688K
  class space    used 13144K, capacity 14101K, committed 14208K, reserved 1048576K
}
Event: 53.379 GC heap before
{Heap before GC invocations=28 (full 0):
 garbage-first heap   total 268288K, used 219715K [0x0000000080000000, 0x0000000100000000)
  region size 1024K, 22 young (22528K), 3 survivors (3072K)
 Metaspace       used 101105K, capacity 103605K, committed 103756K, reserved 1138688K
  class space    used 13198K, capacity 14127K, committed 14208K, reserved 1048576K
}
Event: 53.398 GC heap after
{Heap after GC invocations=29 (full 0):
 garbage-first heap   total 268288K, used 202990K [0x0000000080000000, 0x0000000100000000)
  region size 1024K, 3 young (3072K), 3 survivors (3072K)
 Metaspace       used 101105K, capacity 103605K, committed 103756K, reserved 1138688K
  class space    used 13198K, capacity 14127K, committed 14208K, reserved 1048576K
}
Event: 53.655 GC heap before
{Heap before GC invocations=29 (full 0):
 garbage-first heap   total 268288K, used 224494K [0x0000000080000000, 0x0000000100000000)
  region size 1024K, 25 young (25600K), 3 survivors (3072K)
 Metaspace       used 101361K, capacity 103880K, committed 104012K, reserved 1138688K
  class space    used 13225K, capacity 14171K, committed 14208K, reserved 1048576K
}
Event: 53.679 GC heap after
{Heap after GC invocations=30 (full 0):
 garbage-first heap   total 268288K, used 204562K [0x0000000080000000, 0x0000000100000000)
  region size 1024K, 2 young (2048K), 2 survivors (2048K)
 Metaspace       used 101361K, capacity 103880K, committed 104012K, reserved 1138688K
  class space    used 13225K, capacity 14171K, committed 14208K, reserved 1048576K
}
Event: 53.967 GC heap before
{Heap before GC invocations=31 (full 0):
 garbage-first heap   total 268288K, used 227090K [0x0000000080000000, 0x0000000100000000)
  region size 1024K, 24 young (24576K), 2 survivors (2048K)
 Metaspace       used 101404K, capacity 103950K, committed 104268K, reserved 1138688K
  class space    used 13225K, capacity 14171K, committed 14208K, reserved 1048576K
}
Event: 53.991 GC heap after
{Heap after GC invocations=32 (full 0):
 garbage-first heap   total 268288K, used 207695K [0x0000000080000000, 0x0000000100000000)
  region size 1024K, 3 young (3072K), 3 survivors (3072K)
 Metaspace       used 101404K, capacity 103950K, committed 104268K, reserved 1138688K
  class space    used 13225K, capacity 14171K, committed 14208K, reserved 1048576K
}
Event: 54.116 GC heap before
{Heap before GC invocations=32 (full 0):
 garbage-first heap   total 268288K, used 218959K [0x0000000080000000, 0x0000000100000000)
  region size 1024K, 13 young (13312K), 3 survivors (3072K)
 Metaspace       used 101479K, capacity 104014K, committed 104268K, reserved 1138688K
  class space    used 13231K, capacity 14171K, committed 14208K, reserved 1048576K
}
Event: 54.157 GC heap after
{Heap after GC invocations=33 (full 0):
 garbage-first heap   total 353280K, used 199911K [0x0000000080000000, 0x0000000100000000)
  region size 1024K, 2 young (2048K), 2 survivors (2048K)
 Metaspace       used 101479K, capacity 104014K, committed 104268K, reserved 1138688K
  class space    used 13231K, capacity 14171K, committed 14208K, reserved 1048576K
}
Event: 54.287 GC heap before
{Heap before GC invocations=33 (full 0):
 garbage-first heap   total 353280K, used 209127K [0x0000000080000000, 0x0000000100000000)
  region size 1024K, 12 young (12288K), 2 survivors (2048K)
 Metaspace       used 101580K, capacity 104078K, committed 104268K, reserved 1138688K
  class space    used 13239K, capacity 14171K, committed 14208K, reserved 1048576K
}
Event: 54.328 GC heap after
{Heap after GC invocations=34 (full 0):
 garbage-first heap   total 353280K, used 200699K [0x0000000080000000, 0x0000000100000000)
  region size 1024K, 2 young (2048K), 2 survivors (2048K)
 Metaspace       used 101580K, capacity 104078K, committed 104268K, reserved 1138688K
  class space    used 13239K, capacity 14171K, committed 14208K, reserved 1048576K
}
Event: 55.434 GC heap before
{Heap before GC invocations=34 (full 0):
 garbage-first heap   total 353280K, used 274427K [0x0000000080000000, 0x0000000100000000)
  region size 1024K, 64 young (65536K), 2 survivors (2048K)
 Metaspace       used 102357K, capacity 104961K, committed 105164K, reserved 1140736K
  class space    used 13337K, capacity 14286K, committed 14336K, reserved 1048576K
}
Event: 55.480 GC heap after
{Heap after GC invocations=35 (full 0):
 garbage-first heap   total 353280K, used 216952K [0x0000000080000000, 0x0000000100000000)
  region size 1024K, 8 young (8192K), 8 survivors (8192K)
 Metaspace       used 102357K, capacity 104961K, committed 105164K, reserved 1140736K
  class space    used 13337K, capacity 14286K, committed 14336K, reserved 1048576K
}
Event: 56.610 GC heap before
{Heap before GC invocations=35 (full 0):
 garbage-first heap   total 353280K, used 278392K [0x0000000080000000, 0x0000000100000000)
  region size 1024K, 65 young (66560K), 8 survivors (8192K)
 Metaspace       used 105336K, capacity 108104K, committed 108236K, reserved 1142784K
  class space    used 13758K, capacity 14806K, committed 14848K, reserved 1048576K
}
Event: 56.650 GC heap after
{Heap after GC invocations=36 (full 0):
 garbage-first heap   total 353280K, used 232233K [0x0000000080000000, 0x0000000100000000)
  region size 1024K, 9 young (9216K), 9 survivors (9216K)
 Metaspace       used 105336K, capacity 108104K, committed 108236K, reserved 1142784K
  class space    used 13758K, capacity 14806K, committed 14848K, reserved 1048576K
}
Event: 57.351 GC heap before
{Heap before GC invocations=37 (full 0):
 garbage-first heap   total 353280K, used 284457K [0x0000000080000000, 0x0000000100000000)
  region size 1024K, 59 young (60416K), 9 survivors (9216K)
 Metaspace       used 106663K, capacity 109463K, committed 109772K, reserved 1144832K
  class space    used 13908K, capacity 14978K, committed 15104K, reserved 1048576K
}

